********************************************************************************
DUPLICATOR-LITE PACKAGE-LOG: June 23, 2022 09:35
NOTICE: Do NOT post to public sites or forums 
********************************************************************************
VERSION:	1.4.6
WORDPRESS:	6.0
PHP INFO:	7.4.26 | SAPI: apache2handler
SERVER:		Apache/2.4.47 (Win64) OpenSSL/1.1.1l PHP/7.4.26 
PHP TIME LIMIT: (0) no time limit imposed 
PHP MAX MEMORY: 4294967296 (512M default) 
MEMORY STACK: 14MB

********************************************************************************
DATABASE:
********************************************************************************
BUILD MODE:   PHP(query limit - 100)
MYSQLTIMEOUT: 5000
MYSQLDUMP:    Not Supported
TABLES: total:13 | filtered:0 | create:13
FILTERED: []
SQL CREATED: 20220623_armet_wp_6_ff693ea3f39ec9358161_20220623093453_database.sql
SQL FILE SIZE: 328.11KB (335982)
SQL FILE TIME: 2022-06-23 09:35:04
SQL RUNTIME: 1.66 sec.

********************************************************************************
ARCHIVE (ZIP):
********************************************************************************
ARCHIVE DIR:  D:/workspace/code/ofp_projets/wp-theme-starterpack
ARCHIVE FILE: 20220623_armet_wp_6_ff693ea3f39ec9358161_20220623093453_archive.zip
FILTERS: *OFF*
DIRS:
	not set
FILES:
	not set
EXTS:  not set
----------------------------------------
COMPRESSING
SIZE:	93.11MB
STATS:	Dirs 663 | Files 6,957
SQL ADDED: 20220623_armet_wp_6_ff693ea3f39ec9358161_20220623093453_database.sql
ZipArchive Object
(
    [status] => 0
    [statusSys] => 0
    [numFiles] => 7620
    [filename] => D:\workspace\code\ofp_projets\wp-theme-starterpack\wp-content\backups-dup-lite\tmp\20220623_armet_wp_6_ff693ea3f39ec9358161_20220623093453_archive.zip
    [comment] => 
)

FILE ADDED TO ZIP: 7619
COMPRESSION RESULT: '1'
COMPRESSED SIZE: 46.4MB
ARCHIVE RUNTIME: 9.08 sec.
MEMORY STACK: 16MB
building installer
add_extra_files1
add_extra_files2
add_extra_files3
add_extra_files4
Doing archive file check
add_extra_files5
add_extra_files6
add_extra_files8
Successfully opened zip D:/workspace/code/ofp_projets/wp-theme-starterpack/wp-content/backups-dup-lite/tmp/20220623_armet_wp_6_ff693ea3f39ec9358161_20220623093453_archive.zip
Adding enhanced installer files to archive using ZipArchive
Installer files added to archive
Added to archive
After ziparchive close when adding installer

********************************************************************************
INTEGRITY CHECKS:
********************************************************************************
SQL FILE: 328.11KB
INSTALLER FILE: 64.59KB
ARCHIVE FILE: 47.5MB 
EXPECTED FILE/DIRECTORY COUNT: 7,620
ACTUAL FILE/DIRECTORY COUNT: 7,619
ARCHIVE CONSISTENCY TEST: Pass

********************************************************************************
RECORD ID:[2]
TOTAL PROCESS RUNTIME: 12.76 sec.
PEAK PHP MEMORY USED: 18MB
DONE PROCESSING => 20220623_armet_wp_6 June 23, 2022 09:35

